<?xml version="1.0" encoding="UTF-8"?>
<!-- Generated by org.testng.reporters.JUnitReportReporter -->
<testsuite hostname="LIN-1LLYHP3" failures="0" tests="5" name="LoginPage" time="26.108" errors="0" timestamp="2024-11-20T16:45:16 IST" skipped="0">
  <testcase classname="LoginPage" name="loginPage" time="15.059"/>
  <testcase classname="LoginPage" name="user_scroll_down" time="3.050"/>
  <testcase classname="LoginPage" name="user_enters_credentials" time="3.271"/>
  <testcase classname="LoginPage" name="submit" time="4.428"/>
  <testcase classname="LoginPage" name="navigation_to_homePage" time="0.300"/>
</testsuite> <!-- LoginPage -->
