<?xml version="1.0" encoding="UTF-8"?>
<!-- Generated by org.testng.reporters.JUnitReportReporter -->
<testsuite hostname="LIN-1LLYHP3" failures="0" tests="5" name="TestNGPackage.LoginPage" time="24.968" errors="0" timestamp="2024-12-08T18:29:40 IST" skipped="0">
  <testcase classname="TestNGPackage.LoginPage" name="loginPage" time="13.886"/>
  <testcase classname="TestNGPackage.LoginPage" name="user_scroll_down" time="3.054"/>
  <testcase classname="TestNGPackage.LoginPage" name="user_enters_credentials" time="3.249"/>
  <testcase classname="TestNGPackage.LoginPage" name="submit" time="4.557"/>
  <testcase classname="TestNGPackage.LoginPage" name="navigation_to_homePage" time="0.222"/>
</testsuite> <!-- TestNGPackage.LoginPage -->
